# JRE version: Java(TM) SE Runtime Environment (8.0_161-b12) (build 1.8.0_161-b12)
# Java VM: Java HotSpot(TM) 64-Bit Server VM (25.161-b12 mixed mode windows-amd64 compressed oops)
Heap:
 PSYoungGen      total 32256K, used 6054K [0x00000000eb180000, 0x00000000ed480000, 0x0000000100000000)
  eden space 30720K, 14% used [0x00000000eb180000,0x00000000eb5f1900,0x00000000ecf80000)
  from space 1536K, 97% used [0x00000000ed300000,0x00000000ed478010,0x00000000ed480000)
  to   space 2560K, 0% used [0x00000000ecf80000,0x00000000ecf80000,0x00000000ed200000)
 ParOldGen       total 60928K, used 21961K [0x00000000c1400000, 0x00000000c4f80000, 0x00000000eb180000)
  object space 60928K, 36% used [0x00000000c1400000,0x00000000c2972680,0x00000000c4f80000)
 Metaspace       used 12571K, capacity 12762K, committed 12800K, reserved 1060864K
  class space    used 1431K, capacity 1515K, committed 1536K, reserved 1048576K
GC Heap History (10 events):
Event: 4.564 GC heap before
{Heap before GC invocations=3 (full 1):
 PSYoungGen      total 18944K, used 16384K [0x00000000eb180000, 0x00000000ed680000, 0x0000000100000000)
  eden space 16384K, 100% used [0x00000000eb180000,0x00000000ec180000,0x00000000ec180000)
  from space 2560K, 0% used [0x00000000ec180000,0x00000000ec180000,0x00000000ec400000)
  to   space 2560K, 0% used [0x00000000ed400000,0x00000000ed400000,0x00000000ed680000)
 ParOldGen       total 60928K, used 9994K [0x00000000c1400000, 0x00000000c4f80000, 0x00000000eb180000)
  object space 60928K, 16% used [0x00000000c1400000,0x00000000c1dc29f0,0x00000000c4f80000)
 Metaspace       used 12011K, capacity 12242K, committed 12288K, reserved 1060864K
  class space    used 1429K, capacity 1515K, committed 1536K, reserved 1048576K
Event: 4.567 GC heap after
Heap after GC invocations=3 (full 1):
 PSYoungGen      total 22528K, used 1472K [0x00000000eb180000, 0x00000000ed580000, 0x0000000100000000)
  eden space 20992K, 0% used [0x00000000eb180000,0x00000000eb180000,0x00000000ec600000)
  from space 1536K, 95% used [0x00000000ed400000,0x00000000ed570010,0x00000000ed580000)
  to   space 2560K, 0% used [0x00000000ed080000,0x00000000ed080000,0x00000000ed300000)
 ParOldGen       total 60928K, used 10002K [0x00000000c1400000, 0x00000000c4f80000, 0x00000000eb180000)
  object space 60928K, 16% used [0x00000000c1400000,0x00000000c1dc49f0,0x00000000c4f80000)
 Metaspace       used 12011K, capacity 12242K, committed 12288K, reserved 1060864K
  class space    used 1429K, capacity 1515K, committed 1536K, reserved 1048576K
}
Event: 7.967 GC heap before
{Heap before GC invocations=4 (full 1):
 PSYoungGen      total 22528K, used 22464K [0x00000000eb180000, 0x00000000ed580000, 0x0000000100000000)
  eden space 20992K, 100% used [0x00000000eb180000,0x00000000ec600000,0x00000000ec600000)
  from space 1536K, 95% used [0x00000000ed400000,0x00000000ed570010,0x00000000ed580000)
  to   space 2560K, 0% used [0x00000000ed080000,0x00000000ed080000,0x00000000ed300000)
 ParOldGen       total 60928K, used 10002K [0x00000000c1400000, 0x00000000c4f80000, 0x00000000eb180000)
  object space 60928K, 16% used [0x00000000c1400000,0x00000000c1dc49f0,0x00000000c4f80000)
 Metaspace       used 12235K, capacity 12442K, committed 12544K, reserved 1060864K
  class space    used 1429K, capacity 1515K, committed 1536K, reserved 1048576K
Event: 7.973 GC heap after
Heap after GC invocations=4 (full 1):
 PSYoungGen      total 28160K, used 2528K [0x00000000eb180000, 0x00000000ed480000, 0x0000000100000000)
  eden space 25600K, 0% used [0x00000000eb180000,0x00000000eb180000,0x00000000eca80000)
  from space 2560K, 98% used [0x00000000ed080000,0x00000000ed2f8010,0x00000000ed300000)
  to   space 1536K, 0% used [0x00000000ed300000,0x00000000ed300000,0x00000000ed480000)
 ParOldGen       total 60928K, used 11122K [0x00000000c1400000, 0x00000000c4f80000, 0x00000000eb180000)
  object space 60928K, 18% used [0x00000000c1400000,0x00000000c1edc9f0,0x00000000c4f80000)
 Metaspace       used 12235K, capacity 12442K, committed 12544K, reserved 1060864K
  class space    used 1429K, capacity 1515K, committed 1536K, reserved 1048576K
}
Event: 13.475 GC heap before
{Heap before GC invocations=5 (full 1):
 PSYoungGen      total 28160K, used 28128K [0x00000000eb180000, 0x00000000ed480000, 0x0000000100000000)
  eden space 25600K, 100% used [0x00000000eb180000,0x00000000eca80000,0x00000000eca80000)
  from space 2560K, 98% used [0x00000000ed080000,0x00000000ed2f8010,0x00000000ed300000)
  to   space 1536K, 0% used [0x00000000ed300000,0x00000000ed300000,0x00000000ed480000)
 ParOldGen       total 60928K, used 11122K [0x00000000c1400000, 0x00000000c4f80000, 0x00000000eb180000)
  object space 60928K, 18% used [0x00000000c1400000,0x00000000c1edc9f0,0x00000000c4f80000)
 Metaspace       used 12365K, capacity 12570K, committed 12800K, reserved 1060864K
  class space    used 1429K, capacity 1515K, committed 1536K, reserved 1048576K
Event: 13.483 GC heap after
Heap after GC invocations=5 (full 1):
 PSYoungGen      total 32256K, used 1504K [0x00000000eb180000, 0x00000000ed480000, 0x0000000100000000)
  eden space 30720K, 0% used [0x00000000eb180000,0x00000000eb180000,0x00000000ecf80000)
  from space 1536K, 97% used [0x00000000ed300000,0x00000000ed478010,0x00000000ed480000)
  to   space 2560K, 0% used [0x00000000ecf80000,0x00000000ecf80000,0x00000000ed200000)
 ParOldGen       total 60928K, used 14932K [0x00000000c1400000, 0x00000000c4f80000, 0x00000000eb180000)
  object space 60928K, 24% used [0x00000000c1400000,0x00000000c2295230,0x00000000c4f80000)
 Metaspace       used 12365K, capacity 12570K, committed 12800K, reserved 1060864K
  class space    used 1429K, capacity 1515K, committed 1536K, reserved 1048576K
}
Event: 18.423 GC heap before
{Heap before GC invocations=6 (full 1):
 PSYoungGen      total 32256K, used 32224K [0x00000000eb180000, 0x00000000ed480000, 0x0000000100000000)
  eden space 30720K, 100% used [0x00000000eb180000,0x00000000ecf80000,0x00000000ecf80000)
  from space 1536K, 97% used [0x00000000ed300000,0x00000000ed478010,0x00000000ed480000)
  to   space 2560K, 0% used [0x00000000ecf80000,0x00000000ecf80000,0x00000000ed200000)
 ParOldGen       total 60928K, used 14932K [0x00000000c1400000, 0x00000000c4f80000, 0x00000000eb180000)
  object space 60928K, 24% used [0x00000000c1400000,0x00000000c2295230,0x00000000c4f80000)
 Metaspace       used 12554K, capacity 12762K, committed 12800K, reserved 1060864K
  class space    used 1431K, capacity 1515K, committed 1536K, reserved 1048576K
Event: 18.432 GC heap after
Heap after GC invocations=6 (full 1):
 PSYoungGen      total 33280K, used 2528K [0x00000000eb180000, 0x00000000ed480000, 0x0000000100000000)
  eden space 30720K, 0% used [0x00000000eb180000,0x00000000eb180000,0x00000000ecf80000)
  from space 2560K, 98% used [0x00000000ecf80000,0x00000000ed1f8010,0x00000000ed200000)
  to   space 1536K, 0% used [0x00000000ed300000,0x00000000ed300000,0x00000000ed480000)
 ParOldGen       total 60928K, used 17356K [0x00000000c1400000, 0x00000000c4f80000, 0x00000000eb180000)
  object space 60928K, 28% used [0x00000000c1400000,0x00000000c24f3250,0x00000000c4f80000)
 Metaspace       used 12554K, capacity 12762K, committed 12800K, reserved 1060864K
  class space    used 1431K, capacity 1515K, committed 1536K, reserved 1048576K
}
Event: 22.359 GC heap before
{Heap before GC invocations=7 (full 1):
 PSYoungGen      total 33280K, used 33248K [0x00000000eb180000, 0x00000000ed480000, 0x0000000100000000)
  eden space 30720K, 100% used [0x00000000eb180000,0x00000000ecf80000,0x00000000ecf80000)
  from space 2560K, 98% used [0x00000000ecf80000,0x00000000ed1f8010,0x00000000ed200000)
  to   space 1536K, 0% used [0x00000000ed300000,0x00000000ed300000,0x00000000ed480000)
 ParOldGen       total 60928K, used 17356K [0x00000000c1400000, 0x00000000c4f80000, 0x00000000eb180000)
  object space 60928K, 28% used [0x00000000c1400000,0x00000000c24f3250,0x00000000c4f80000)
 Metaspace       used 12568K, capacity 12762K, committed 12800K, reserved 1060864K
  class space    used 1431K, capacity 1515K, committed 1536K, reserved 1048576K
Event: 22.370 GC heap after
Heap after GC invocations=7 (full 1):
 PSYoungGen      total 32256K, used 1504K [0x00000000eb180000, 0x00000000ed480000, 0x0000000100000000)
  eden space 30720K, 0% used [0x00000000eb180000,0x00000000eb180000,0x00000000ecf80000)
  from space 1536K, 97% used [0x00000000ed300000,0x00000000ed478010,0x00000000ed480000)
  to   space 2560K, 0% used [0x00000000ecf80000,0x00000000ecf80000,0x00000000ed200000)
 ParOldGen       total 60928K, used 21961K [0x00000000c1400000, 0x00000000c4f80000, 0x00000000eb180000)
  object space 60928K, 36% used [0x00000000c1400000,0x00000000c2972680,0x00000000c4f80000)
 Metaspace       used 12568K, capacity 12762K, committed 12800K, reserved 1060864K
  class space    used 1431K, capacity 1515K, committed 1536K, reserved 1048576K
}

